{"C:\\Users\\usmo3\\Desktop\\JEST\\index.js": {"path":"C:\\Users\\usmo3\\Desktop\\JEST\\index.js","statementMap":{"0":{"start":{"line":1,"column":17},"end":{"line":1,"column":46}},"1":{"start":{"line":2,"column":13},"end":{"line":2,"column":87}},"2":{"start":{"line":3,"column":15},"end":{"line":8,"column":1}},"3":{"start":{"line":9,"column":21},"end":{"line":9,"column":36}},"4":{"start":{"line":9,"column":31},"end":{"line":9,"column":36}},"5":{"start":{"line":10,"column":22},"end":{"line":10,"column":37}},"6":{"start":{"line":10,"column":32},"end":{"line":10,"column":37}},"7":{"start":{"line":11,"column":27},"end":{"line":11,"column":42}},"8":{"start":{"line":11,"column":37},"end":{"line":11,"column":42}},"9":{"start":{"line":12,"column":23},"end":{"line":12,"column":38}},"10":{"start":{"line":12,"column":33},"end":{"line":12,"column":38}},"11":{"start":{"line":13,"column":22},"end":{"line":13,"column":32}},"12":{"start":{"line":13,"column":28},"end":{"line":13,"column":32}},"13":{"start":{"line":14,"column":23},"end":{"line":14,"column":34}},"14":{"start":{"line":14,"column":29},"end":{"line":14,"column":34}},"15":{"start":{"line":15,"column":22},"end":{"line":15,"column":32}},"16":{"start":{"line":15,"column":28},"end":{"line":15,"column":32}},"17":{"start":{"line":16,"column":27},"end":{"line":16,"column":42}},"18":{"start":{"line":16,"column":33},"end":{"line":16,"column":42}},"19":{"start":{"line":17,"column":27},"end":{"line":17,"column":41}},"20":{"start":{"line":17,"column":33},"end":{"line":17,"column":41}},"21":{"start":{"line":18,"column":23},"end":{"line":18,"column":33}},"22":{"start":{"line":18,"column":29},"end":{"line":18,"column":33}},"23":{"start":{"line":19,"column":25},"end":{"line":19,"column":37}},"24":{"start":{"line":19,"column":31},"end":{"line":19,"column":37}}},"fnMap":{"0":{"name":"(anonymous_0)","decl":{"start":{"line":9,"column":21},"end":{"line":9,"column":22}},"loc":{"start":{"line":9,"column":31},"end":{"line":9,"column":36}},"line":9},"1":{"name":"(anonymous_1)","decl":{"start":{"line":10,"column":22},"end":{"line":10,"column":23}},"loc":{"start":{"line":10,"column":32},"end":{"line":10,"column":37}},"line":10},"2":{"name":"(anonymous_2)","decl":{"start":{"line":11,"column":27},"end":{"line":11,"column":28}},"loc":{"start":{"line":11,"column":37},"end":{"line":11,"column":42}},"line":11},"3":{"name":"(anonymous_3)","decl":{"start":{"line":12,"column":23},"end":{"line":12,"column":24}},"loc":{"start":{"line":12,"column":33},"end":{"line":12,"column":38}},"line":12},"4":{"name":"(anonymous_4)","decl":{"start":{"line":13,"column":22},"end":{"line":13,"column":23}},"loc":{"start":{"line":13,"column":28},"end":{"line":13,"column":32}},"line":13},"5":{"name":"(anonymous_5)","decl":{"start":{"line":14,"column":23},"end":{"line":14,"column":24}},"loc":{"start":{"line":14,"column":29},"end":{"line":14,"column":34}},"line":14},"6":{"name":"(anonymous_6)","decl":{"start":{"line":15,"column":22},"end":{"line":15,"column":23}},"loc":{"start":{"line":15,"column":28},"end":{"line":15,"column":32}},"line":15},"7":{"name":"(anonymous_7)","decl":{"start":{"line":16,"column":27},"end":{"line":16,"column":28}},"loc":{"start":{"line":16,"column":33},"end":{"line":16,"column":42}},"line":16},"8":{"name":"(anonymous_8)","decl":{"start":{"line":17,"column":27},"end":{"line":17,"column":28}},"loc":{"start":{"line":17,"column":33},"end":{"line":17,"column":41}},"line":17},"9":{"name":"(anonymous_9)","decl":{"start":{"line":18,"column":23},"end":{"line":18,"column":24}},"loc":{"start":{"line":18,"column":29},"end":{"line":18,"column":33}},"line":18},"10":{"name":"(anonymous_10)","decl":{"start":{"line":19,"column":25},"end":{"line":19,"column":26}},"loc":{"start":{"line":19,"column":31},"end":{"line":19,"column":37}},"line":19}},"branchMap":{},"s":{"0":1,"1":1,"2":1,"3":1,"4":2,"5":1,"6":3,"7":1,"8":2,"9":1,"10":1,"11":1,"12":1,"13":1,"14":1,"15":1,"16":1,"17":1,"18":1,"19":1,"20":2,"21":1,"22":1,"23":1,"24":1},"f":{"0":2,"1":3,"2":2,"3":1,"4":1,"5":1,"6":1,"7":1,"8":2,"9":1,"10":1},"b":{},"_coverageSchema":"1a1c01bbd47fc00a2c39e90264f33305004495a9","hash":"44b3d7f74b426b05a37cfe984a2fd4c8161715c3"}
}
